Change Component Physical Designator: Old Designator=C8 New Designator=C10
Change Component Physical Designator: Old Designator=C9 New Designator=C11
Change Component Physical Designator: Old Designator=C10 New Designator=C12
Change Component Physical Designator: Old Designator=C11 New Designator=C13
Change Component Physical Designator: Old Designator=C12 New Designator=C14
Change Component Physical Designator: Old Designator=C13 New Designator=C15
Change Component Physical Designator: Old Designator=C14_U_can_0 New Designator=C8
Change Component Physical Designator: Old Designator=C14_U_can_1 New Designator=C9
Change Component Physical Designator: Old Designator=D13 New Designator=D1
Change Component Physical Designator: Old Designator=D14 New Designator=D2
Change Component Physical Designator: Old Designator=D15 New Designator=D3
Change Component Physical Designator: Old Designator=D16 New Designator=D4
Change Component Physical Designator: Old Designator=R14 New Designator=R1
Change Component Physical Designator: Old Designator=R15 New Designator=R2
Change Component Physical Designator: Old Designator=R16 New Designator=R5
Change Component Physical Designator: Old Designator=R17 New Designator=R6
Change Component Physical Designator: Old Designator=R18 New Designator=R7
Change Component Physical Designator: Old Designator=R19 New Designator=R8
Change Component Physical Designator: Old Designator=R20_U_can_0 New Designator=R3
Change Component Physical Designator: Old Designator=R20_U_can_1 New Designator=R4
Change Component Physical Designator: Old Designator=U2 New Designator=U4
Change Component Physical Designator: Old Designator=U3_U_can_0 New Designator=U2
Change Component Physical Designator: Old Designator=U3_U_can_1 New Designator=U3
Change Component Physical Designator: Old Designator=X15 New Designator=X11
